[90m2026-02-08T11:50:01.583Z[39m [96mINFO[39m [97m@wdio/browserstack-service[39m BrowserStack service started with id: 3518d1a5-1353-4a84-b570-40ca3ac1ffc2
[90m2026-02-08T11:50:01.583Z[39m [32mDEBUG[39m [97m@wdio/browserstack-service[39m _options data: {"app":"bs://691d095ab9b7d083f8aaa552d46789477ce69dfa","buildIdentifier":"${BUILD_NUMBER}","browserstackLocal":true}
[90m2026-02-08T11:50:01.583Z[39m [32mDEBUG[39m [97m@wdio/browserstack-service[39m webdriver capabilities data: [{"deviceName":"Google Pixel 5","platformVersion":"11.0","platformName":"android"}]
[90m2026-02-08T11:50:01.584Z[39m [32mDEBUG[39m [97m@wdio/browserstack-service[39m _config data: {"rootDir":"/Users/pavel/wdio_appium_android","specs":["file:///Users/pavel/wdio_appium_android/test/specs/pom-tests/signInForm.e2e.js"],"suites":{},"exclude":[],"capabilities":[],"logLevel":"info","logLevels":{},"groupLogsByTestSpec":false,"excludeDriverLogs":[],"bail":0,"waitforInterval":100,"waitforTimeout":10000,"framework":"mocha","reporters":["spec"],"services":[["browserstack",{"app":"bs://691d095ab9b7d083f8aaa552d46789477ce69dfa","buildIdentifier":"${BUILD_NUMBER}","browserstackLocal":true}]],"maxInstances":10,"maxInstancesPerCapability":100,"injectGlobals":true,"filesToWatch":[],"connectionRetryTimeout":120000,"connectionRetryCount":3,"execArgv":[],"runnerEnv":{},"runner":"local","shard":{"current":1,"total":1},"specFileRetries":0,"specFileRetriesDelay":0,"specFileRetriesDeferred":false,"autoAssertOnTestEnd":true,"reporterSyncInterval":100,"reporterSyncTimeout":5000,"cucumberFeaturesWithLineNumbers":[],"mochaOpts":{"timeout":60000,"ui":"bdd"},"jasmineOpts":{"defaultTimeoutInterval":10000},"cucumberOpts":{"timeout":10000},"onPrepare":[],"onWorkerStart":[],"onWorkerEnd":[],"before":[],"beforeSession":[],"beforeSuite":[],"beforeHook":[],"beforeTest":[],"beforeCommand":[],"afterCommand":[],"afterTest":[],"afterHook":[],"afterSuite":[],"afterSession":[],"after":[],"onComplete":[],"onReload":[],"beforeAssertion":[],"afterAssertion":[],"beforeFeature":[],"beforeScenario":[],"beforeStep":[],"afterStep":[],"afterScenario":[],"afterFeature":[],"_":["run","run"],"spec":["signInForm.e2e.js","signInForm.e2e.js"],"$0":"/Users/pavel/wdio_appium_android/node_modules/.bin/wdio","config-path":"./wdio.conf.js","user":"[REDACTED]","key":"[REDACTED]","hostname":"hub.browserstack.com"}
[90m2026-02-08T11:50:01.585Z[39m [32mDEBUG[39m [97m@wdio/browserstack-service[39m Sending SDK event with data {
  userName: '[REDACTED]',
  accessKey: '[REDACTED]',
  event_type: 'SDKTestAttempted',
  detectedFramework: 'WebdriverIO-mocha',
  event_properties: {
    sdkRunId: '3518d1a5-1353-4a84-b570-40ca3ac1ffc2',
    testhub_uuid: undefined,
    language_framework: 'WebdriverIO_mocha',
    referrer: 'WebdriverIO-mocha/9.23.2',
    language: 'WebdriverIO',
    languageVersion: 'v22.19.0',
    buildName: 'undefined',
    buildIdentifier: 'undefined',
    os: 'Darwin',
    hostname: 'MacBook-Air-Pavel.local',
    productMap: {
      observability: true,
      accessibility: null,
      percy: false,
      automate: false,
      app_automate: true
    },
    product: [ 'observability', 'app-automate' ],
    framework: 'mocha'
  }
}
[90m2026-02-08T11:50:01.882Z[39m [32mDEBUG[39m [97m@wdio/browserstack-service[39m Funnel Event Response: "{\"message\":\"SDK Event recorded successfully\"}"
[90m2026-02-08T11:50:01.882Z[39m [32mDEBUG[39m [97m@wdio/browserstack-service[39m Funnel event success
[90m2026-02-08T11:50:01.889Z[39m [32mDEBUG[39m [97m@wdio/browserstack-service[39m Timestamp conversion for sdk:funnel:test-attempted: 582.023416 -> 1770551401584.8435 (timeOrigin: 1770551401002.82)
[90m2026-02-08T11:50:01.884Z[39m [96mINFO[39m [97m@wdio/browserstack-service[39m startMain: Starting main process
[90m2026-02-08T11:50:01.884Z[39m [32mDEBUG[39m [97m@wdio/browserstack-service[39m Configuring Cli path.
[90m2026-02-08T11:50:01.884Z[39m [32mDEBUG[39m [97m@wdio/browserstack-service[39m File /Users/pavel/.browserstack already exist
[90m2026-02-08T11:50:01.885Z[39m [96mINFO[39m [97m@wdio/browserstack-service[39m Current CLI Path Found: /Users/pavel/.browserstack/cli/binary-macos-arm64
[90m2026-02-08T11:50:02.285Z[39m [32mDEBUG[39m [97m@wdio/browserstack-service[39m response {"success":true}
[90m2026-02-08T11:50:02.288Z[39m [32mDEBUG[39m [97m@wdio/browserstack-service[39m Timestamp conversion for sdk:cli:check-update: 882.710125 -> 1770551401885.5303 (timeOrigin: 1770551401002.82)
[90m2026-02-08T11:50:02.286Z[39m [32mDEBUG[39m [97m@wdio/browserstack-service[39m Resolved binary path: /Users/pavel/.browserstack/cli/binary-macos-arm64
[90m2026-02-08T11:50:02.286Z[39m [32mDEBUG[39m [97m@wdio/browserstack-service[39m spawning command='/Users/pavel/.browserstack/cli/binary-macos-arm64,sdk'
[90m2026-02-08T11:50:02.461Z[39m [32mDEBUG[39m [97m@wdio/browserstack-service[39m CLI params loaded: {"id":"0238d035-07f7-47f3-9afc-c9d3f424c776","listen":"unix:/tmp/sdk-platform-0238d035-07f7-47f3-9afc-c9d3f424c776.sock"}
[90m2026-02-08T11:50:02.465Z[39m [32mDEBUG[39m [97m@wdio/browserstack-service[39m Timestamp conversion for sdk:cli:start: 881.642875 -> 1770551401884.463 (timeOrigin: 1770551401002.82)
[90m2026-02-08T11:50:02.463Z[39m [96mINFO[39m [97m@wdio/browserstack-service[39m Connected to gRPC server at unix:/tmp/sdk-platform-0238d035-07f7-47f3-9afc-c9d3f424c776.sock
[90m2026-02-08T11:50:02.463Z[39m [96mINFO[39m [97m@wdio/browserstack-service[39m Initialized gRPC client with bin session id: 0238d035-07f7-47f3-9afc-c9d3f424c776 and listen address: unix:/tmp/sdk-platform-0238d035-07f7-47f3-9afc-c9d3f424c776.sock
[90m2026-02-08T11:50:02.463Z[39m [32mDEBUG[39m [97m@wdio/browserstack-service[39m startMain: main-process started
[90m2026-02-08T11:50:02.463Z[39m [32mDEBUG[39m [97m@wdio/browserstack-service[39m startBinSession: Calling startBinSession
[90m2026-02-08T11:50:02.463Z[39m [32mDEBUG[39m [97m@wdio/browserstack-service[39m StartBinSession with clientWorkerId: 0-87871, platformIndex: 0
[90m2026-02-08T11:50:08.109Z[39m [96mINFO[39m [97m@wdio/browserstack-service[39m StartBinSession successful
[90m2026-02-08T11:50:08.110Z[39m [32mDEBUG[39m [97m@wdio/browserstack-service[39m Is CLI running true
[90m2026-02-08T11:50:08.109Z[39m [32mDEBUG[39m [97m@wdio/browserstack-service[39m start: startBinSession response={"binSessionId":"0238d035-07f7-47f3-9afc-c9d3f424c776","config":"{\"userName\":\"bsuser_zQ5vSR\",\"accessKey\":\"zodaYeaLRfCFhpgaYM8E\",\"platforms\":[{\"deviceName\":\"Google Pixel 5\",\"platformVersion\":\"11.0\",\"platformName\":\"android\",\"browserstack.wdioService\":\"9.23.2\"}],\"isNonBstackA11yWDIO\":false,\"app\":\"bs://691d095ab9b7d083f8aaa552d46789477ce69dfa\",\"browserstackLocal\":true,\"accessibility\":false,\"testObservability\":true,\"testContextOptions\":{\"skipSessionName\":false,\"skipSessionStatus\":false,\"sessionNameOmitTestTitle\":false,\"sessionNamePrependTopLevelSuiteTitle\":false,\"sessionNameFormat\":\"\"},\"buildTag\":[],\"browserstackAutomation\":true,\"selfHeal\":false,\"disableAutoCaptureLogs\":false,\"testhub\":true,\"additionalPlatforms\":[],\"additionalParams\":{},\"browserStackLocalOptions\":{\"localIdentifier\":\"Feb_8_1350_MacBook-Air-Pavel.local_pefu\",\"key\":\"zodaYeaLRfCFhpgaYM8E\",\"skipBinaryInitialisation\":false},\"testOrchestrationOptions\":{\"retryTestsOnFailure\":{},\"abortBuildOnFailure\":{}},\"apis\":{\"automate\":{\"hub\":\"https://hub.browserstack.com\",\"cdp\":\"https://cdp.browserstack.com\",\"api\":\"https://api.browserstack.com\",\"upload\":\"https://api-cloud.browserstack.com\"},\"appAutomate\":{\"hub\":\"https://hub.browserstack.com\",\"api\":\"https://api.browserstack.com\",\"upload\":\"https://api-cloud.browserstack.com\"},\"percy\":{\"api\":\"https://api.browserstack.com\"},\"turboScale\":{\"api\":\"https://grid.browserstack.com\"},\"accessibility\":{\"api\":\"https://accessibility.browserstack.com\"},\"appAccessibility\":{\"api\":\"https://app-accessibility.browserstack.com\"},\"observability\":{\"api\":\"https://collector-observability.browserstack.com\",\"upload\":\"https://upload-observability.browserstack.com\"},\"configServer\":{\"api\":\"https://sdk.browserstack.com\"},\"edsInstrumentation\":{\"api\":\"https://eds.browserstack.com\"},\"tcg\":{\"api\":\"https://tcg.browserstack.com\"}},\"hubUrl\":\"https://hub.browserstack.com/wd/hub\",\"proxySettings\":{}}","testhub":{"jwt":"eyJhbGciOiJSUzI1NiJ9.eyJleHAiOiIxNzcwNTYyMjAyIiwiaXNzIjoid3d3LmJyb3dzZXJzdGFjay5jb20iLCJzdWIiOjEwNjUzMjA0LCJzY29wZSI6eyJwcm9kdWN0Ijoic2RrIiwidXNlcl9hY2Nlc3MiOnsidGVzdF9vYnNlcnZhYmlsaXR5IjoxLCJhdXRvbWF0ZSI6MSwiYXBwX2F1dG9tYXRlIjoxLCJwZXJjeSI6MSwiYXBwX3BlcmN5IjoxLCJhY2Nlc3NpYmlsaXR5X3Rlc3RpbmciOjEsImFwcF9hY2Nlc3NpYmlsaXR5X3Rlc3RpbmciOjEsImF1dG9tYXRlX3R1cmJvc2NhbGUiOjEsImxvd19jb2RlX2F1dG9tYXRpb24iOjF9LCJpYWFtX3JvbGUiOiJvd25lciJ9LCJncm91cF9pZCI6MTA1Njc2NzgsInRlYW1faWQiOm51bGwsInVkYWNfYWNjZXNzIjoiZ2xvYmFsIn0.TFRZHY7OmAh1tQnxkSzV3de43rTTjpgHLq3H5WZCcvCQ-LBWhEZN56vEbEMe6ZAJ_0ATQWIXEJUJu8rk7gpp_6NL2tk7ClcZ6kcM2oiJqQZHHFRGBu-1SII4Jwm_OjZBhAAz0zusD67RvazhTP_0HCToLrJOxUa9dif2q8UuUpNHcUu464xR84yRDjrnrwtzkABQ56Xdtq0RUmoc80mKt-qxMx6TIVgEA3Alixp3ZzrT0vI7s3y7zNAF8yMcTO-DbYfU9H3lNS3daIXs5fMnBRbvzVii1Pmzvvs6GSXP5d68hleoXOA0QIeFX0y_E0ZYEyuaGKhrulJ1NlzHcPaWrg","buildHashedId":"xjlvzotjqmuevcu7k3zmfs7bt04b9hqb551cw9nj","testhubEvents":true,"errors":{}},"observability":{"success":true,"errors":[]},"percy":{"success":false,"percyCaptureMode":"","percyBuildId":"","isPercyAutoEnabled":false},"sessionFramework":"run,./wdio.conf.js,--spec,signInForm.e2e.js"}
[90m2026-02-08T11:50:08.109Z[39m [96mINFO[39m [97m@wdio/browserstack-service[39m loadModules: binSessionId=0238d035-07f7-47f3-9afc-c9d3f424c776
[90m2026-02-08T11:50:08.109Z[39m [32mDEBUG[39m [97m@wdio/browserstack-service[39m loadModules: config={"userName":"bsuser_zQ5vSR","accessKey":"zodaYeaLRfCFhpgaYM8E","platforms":[{"deviceName":"Google Pixel 5","platformVersion":"11.0","platformName":"android","browserstack.wdioService":"9.23.2"}],"isNonBstackA11yWDIO":false,"app":"bs://691d095ab9b7d083f8aaa552d46789477ce69dfa","browserstackLocal":true,"accessibility":false,"testObservability":true,"testContextOptions":{"skipSessionName":false,"skipSessionStatus":false,"sessionNameOmitTestTitle":false,"sessionNamePrependTopLevelSuiteTitle":false,"sessionNameFormat":""},"buildTag":[],"browserstackAutomation":true,"selfHeal":false,"disableAutoCaptureLogs":false,"testhub":true,"additionalPlatforms":[],"additionalParams":{},"browserStackLocalOptions":{"localIdentifier":"Feb_8_1350_MacBook-Air-Pavel.local_pefu","key":"zodaYeaLRfCFhpgaYM8E","skipBinaryInitialisation":false},"testOrchestrationOptions":{"retryTestsOnFailure":{},"abortBuildOnFailure":{}},"apis":{"automate":{"hub":"https://hub.browserstack.com","cdp":"https://cdp.browserstack.com","api":"https://api.browserstack.com","upload":"https://api-cloud.browserstack.com"},"appAutomate":{"hub":"https://hub.browserstack.com","api":"https://api.browserstack.com","upload":"https://api-cloud.browserstack.com"},"percy":{"api":"https://api.browserstack.com"},"turboScale":{"api":"https://grid.browserstack.com"},"accessibility":{"api":"https://accessibility.browserstack.com"},"appAccessibility":{"api":"https://app-accessibility.browserstack.com"},"observability":{"api":"https://collector-observability.browserstack.com","upload":"https://upload-observability.browserstack.com"},"configServer":{"api":"https://sdk.browserstack.com"},"edsInstrumentation":{"api":"https://eds.browserstack.com"},"tcg":{"api":"https://tcg.browserstack.com"}},"hubUrl":"https://hub.browserstack.com/wd/hub","proxySettings":{}}
[90m2026-02-08T11:50:08.109Z[39m [96mINFO[39m [97m@wdio/browserstack-service[39m AutomateModule: Initializing Automate Module
[90m2026-02-08T11:50:08.110Z[39m [32mDEBUG[39m [97m@wdio/browserstack-service[39m configureModules: Configuring modules
[90m2026-02-08T11:50:08.110Z[39m [32mDEBUG[39m [97m@wdio/browserstack-service[39m configureModules: Configuring module=WebdriverIOModule platformIndex=0
[90m2026-02-08T11:50:08.110Z[39m [32mDEBUG[39m [97m@wdio/browserstack-service[39m Configured module WebdriverIOModule with binSessionId=0238d035-07f7-47f3-9afc-c9d3f424c776, platformIndex=0
[90m2026-02-08T11:50:08.110Z[39m [32mDEBUG[39m [97m@wdio/browserstack-service[39m configureModules: Configuring module=AutomateModule platformIndex=0
[90m2026-02-08T11:50:08.110Z[39m [32mDEBUG[39m [97m@wdio/browserstack-service[39m Configured module AutomateModule with binSessionId=0238d035-07f7-47f3-9afc-c9d3f424c776, platformIndex=0
[90m2026-02-08T11:50:08.110Z[39m [32mDEBUG[39m [97m@wdio/browserstack-service[39m configureModules: Configuring module=ObservabilityModule platformIndex=0
[90m2026-02-08T11:50:08.110Z[39m [32mDEBUG[39m [97m@wdio/browserstack-service[39m Configured module ObservabilityModule with binSessionId=0238d035-07f7-47f3-9afc-c9d3f424c776, platformIndex=0
[90m2026-02-08T11:50:08.111Z[39m [32mDEBUG[39m [97m@wdio/browserstack-service[39m configureModules: Configuring module=TestHubModule platformIndex=0
[90m2026-02-08T11:50:08.111Z[39m [32mDEBUG[39m [97m@wdio/browserstack-service[39m Configured module TestHubModule with binSessionId=0238d035-07f7-47f3-9afc-c9d3f424c776, platformIndex=0
[90m2026-02-08T11:50:08.110Z[39m [33mWARN[39m [97m@wdio/browserstack-service[39m Skipping buildIdentifier as buildName is not passed.
[90m2026-02-08T11:50:08.110Z[39m [33mWARN[39m [97m@wdio/browserstack-service[39m Accessibility Automation will run only on Chrome browsers.
[90m2026-02-08T11:50:08.111Z[39m [32mDEBUG[39m [97m@wdio/browserstack-service[39m Timestamp conversion for sdk:automationFrameworkInit: 582.008875 -> 1770551401584.8289 (timeOrigin: 1770551401002.82)
[90m2026-02-08T11:50:08.111Z[39m [32mDEBUG[39m [97m@wdio/browserstack-service[39m Timestamp conversion for sdk:automationFrameworkStart: 880.477125 -> 1770551401883.297 (timeOrigin: 1770551401002.82)
[90m2026-02-08T11:50:08.111Z[39m [32mDEBUG[39m [97m@wdio/browserstack-service[39m Timestamp conversion for sdk:startBinSession: 1460.493583 -> 1770551402463.3137 (timeOrigin: 1770551401002.82)
[90m2026-02-08T11:50:08.855Z[39m [32mDEBUG[39m [97m@wdio/browserstack-service[39m Percy binary is up to date (ETag unchanged)
[90m2026-02-08T11:50:09.086Z[39m [32mDEBUG[39m [97m@wdio/browserstack-service[39m Timestamp conversion for sdk:pre-test: 581.763458 -> 1770551401584.5835 (timeOrigin: 1770551401002.82)
[90m2026-02-08T11:50:09.086Z[39m [32mDEBUG[39m [97m@wdio/browserstack-service[39m Timestamp conversion for sdk:percy:start: 7108.068583 -> 1770551408110.8887 (timeOrigin: 1770551401002.82)
[90m2026-02-08T11:50:09.086Z[39m [32mDEBUG[39m [97m@wdio/browserstack-service[39m Timestamp conversion for sdk:setup: 8064.055833 -> 1770551409066.876 (timeOrigin: 1770551401002.82)
[90m2026-02-08T11:50:09.694Z[39m [96mINFO[39m [97m@wdio/browserstack-service[39m Starting as child process with session ID: 0238d035-07f7-47f3-9afc-c9d3f424c776
[90m2026-02-08T11:50:09.695Z[39m [96mINFO[39m [97m@wdio/browserstack-service[39m Connected to gRPC server at unix:/tmp/sdk-platform-0238d035-07f7-47f3-9afc-c9d3f424c776.sock
[90m2026-02-08T11:50:09.695Z[39m [32mDEBUG[39m [97m@wdio/browserstack-service[39m Connecting bin session
[90m2026-02-08T11:50:09.695Z[39m [32mDEBUG[39m [97m@wdio/browserstack-service[39m ConnectBinSession with clientWorkerId: 0-87895
[90m2026-02-08T11:50:09.704Z[39m [96mINFO[39m [97m@wdio/browserstack-service[39m ConnectBinSession successful
[90m2026-02-08T11:50:09.704Z[39m [96mINFO[39m [97m@wdio/browserstack-service[39m Connected to bin session: {"binSessionId":"0238d035-07f7-47f3-9afc-c9d3f424c776","config":"{\"userName\":\"bsuser_zQ5vSR\",\"accessKey\":\"zodaYeaLRfCFhpgaYM8E\",\"platforms\":[{\"deviceName\":\"Google Pixel 5\",\"platformVersion\":\"11.0\",\"platformName\":\"android\",\"browserstack.wdioService\":\"9.23.2\"}],\"isNonBstackA11yWDIO\":false,\"app\":\"bs://691d095ab9b7d083f8aaa552d46789477ce69dfa\",\"browserstackLocal\":true,\"accessibility\":false,\"testObservability\":true,\"testContextOptions\":{\"skipSessionName\":false,\"skipSessionStatus\":false,\"sessionNameOmitTestTitle\":false,\"sessionNamePrependTopLevelSuiteTitle\":false,\"sessionNameFormat\":\"\"},\"buildTag\":[],\"browserstackAutomation\":true,\"selfHeal\":false,\"disableAutoCaptureLogs\":false,\"testhub\":true,\"additionalPlatforms\":[],\"additionalParams\":{},\"browserStackLocalOptions\":{\"localIdentifier\":\"Feb_8_1350_MacBook-Air-Pavel.local_pefu\",\"key\":\"zodaYeaLRfCFhpgaYM8E\",\"skipBinaryInitialisation\":false},\"testOrchestrationOptions\":{\"retryTestsOnFailure\":{},\"abortBuildOnFailure\":{}},\"apis\":{\"automate\":{\"hub\":\"https://hub.browserstack.com\",\"cdp\":\"https://cdp.browserstack.com\",\"api\":\"https://api.browserstack.com\",\"upload\":\"https://api-cloud.browserstack.com\"},\"appAutomate\":{\"hub\":\"https://hub.browserstack.com\",\"api\":\"https://api.browserstack.com\",\"upload\":\"https://api-cloud.browserstack.com\"},\"percy\":{\"api\":\"https://api.browserstack.com\"},\"turboScale\":{\"api\":\"https://grid.browserstack.com\"},\"accessibility\":{\"api\":\"https://accessibility.browserstack.com\"},\"appAccessibility\":{\"api\":\"https://app-accessibility.browserstack.com\"},\"observability\":{\"api\":\"https://collector-observability.browserstack.com\",\"upload\":\"https://upload-observability.browserstack.com\"},\"configServer\":{\"api\":\"https://sdk.browserstack.com\"},\"edsInstrumentation\":{\"api\":\"https://eds.browserstack.com\"},\"tcg\":{\"api\":\"https://tcg.browserstack.com\"}},\"hubUrl\":\"https://hub-euw.browserstack.com/wd/hub\",\"proxySettings\":{}}","testhub":{"jwt":"eyJhbGciOiJSUzI1NiJ9.eyJleHAiOiIxNzcwNTYyMjAyIiwiaXNzIjoid3d3LmJyb3dzZXJzdGFjay5jb20iLCJzdWIiOjEwNjUzMjA0LCJzY29wZSI6eyJwcm9kdWN0Ijoic2RrIiwidXNlcl9hY2Nlc3MiOnsidGVzdF9vYnNlcnZhYmlsaXR5IjoxLCJhdXRvbWF0ZSI6MSwiYXBwX2F1dG9tYXRlIjoxLCJwZXJjeSI6MSwiYXBwX3BlcmN5IjoxLCJhY2Nlc3NpYmlsaXR5X3Rlc3RpbmciOjEsImFwcF9hY2Nlc3NpYmlsaXR5X3Rlc3RpbmciOjEsImF1dG9tYXRlX3R1cmJvc2NhbGUiOjEsImxvd19jb2RlX2F1dG9tYXRpb24iOjF9LCJpYWFtX3JvbGUiOiJvd25lciJ9LCJncm91cF9pZCI6MTA1Njc2NzgsInRlYW1faWQiOm51bGwsInVkYWNfYWNjZXNzIjoiZ2xvYmFsIn0.TFRZHY7OmAh1tQnxkSzV3de43rTTjpgHLq3H5WZCcvCQ-LBWhEZN56vEbEMe6ZAJ_0ATQWIXEJUJu8rk7gpp_6NL2tk7ClcZ6kcM2oiJqQZHHFRGBu-1SII4Jwm_OjZBhAAz0zusD67RvazhTP_0HCToLrJOxUa9dif2q8UuUpNHcUu464xR84yRDjrnrwtzkABQ56Xdtq0RUmoc80mKt-qxMx6TIVgEA3Alixp3ZzrT0vI7s3y7zNAF8yMcTO-DbYfU9H3lNS3daIXs5fMnBRbvzVii1Pmzvvs6GSXP5d68hleoXOA0QIeFX0y_E0ZYEyuaGKhrulJ1NlzHcPaWrg","buildHashedId":"xjlvzotjqmuevcu7k3zmfs7bt04b9hqb551cw9nj","testhubEvents":true,"errors":{}},"observability":{"success":true,"errors":[]},"percy":{"success":false,"percyCaptureMode":"","percyBuildId":"","isPercyAutoEnabled":false},"sessionFramework":"selenium","testOrchestration":{"retryTestsOnFailure":{"enabled":false,"maxRetries":0},"abortBuildOnFailure":{"enabled":false,"maxFailures":0}}}
[90m2026-02-08T11:50:09.704Z[39m [96mINFO[39m [97m@wdio/browserstack-service[39m loadModules: binSessionId=0238d035-07f7-47f3-9afc-c9d3f424c776
[90m2026-02-08T11:50:09.704Z[39m [32mDEBUG[39m [97m@wdio/browserstack-service[39m loadModules: config={"userName":"bsuser_zQ5vSR","accessKey":"zodaYeaLRfCFhpgaYM8E","platforms":[{"deviceName":"Google Pixel 5","platformVersion":"11.0","platformName":"android","browserstack.wdioService":"9.23.2"}],"isNonBstackA11yWDIO":false,"app":"bs://691d095ab9b7d083f8aaa552d46789477ce69dfa","browserstackLocal":true,"accessibility":false,"testObservability":true,"testContextOptions":{"skipSessionName":false,"skipSessionStatus":false,"sessionNameOmitTestTitle":false,"sessionNamePrependTopLevelSuiteTitle":false,"sessionNameFormat":""},"buildTag":[],"browserstackAutomation":true,"selfHeal":false,"disableAutoCaptureLogs":false,"testhub":true,"additionalPlatforms":[],"additionalParams":{},"browserStackLocalOptions":{"localIdentifier":"Feb_8_1350_MacBook-Air-Pavel.local_pefu","key":"zodaYeaLRfCFhpgaYM8E","skipBinaryInitialisation":false},"testOrchestrationOptions":{"retryTestsOnFailure":{},"abortBuildOnFailure":{}},"apis":{"automate":{"hub":"https://hub.browserstack.com","cdp":"https://cdp.browserstack.com","api":"https://api.browserstack.com","upload":"https://api-cloud.browserstack.com"},"appAutomate":{"hub":"https://hub.browserstack.com","api":"https://api.browserstack.com","upload":"https://api-cloud.browserstack.com"},"percy":{"api":"https://api.browserstack.com"},"turboScale":{"api":"https://grid.browserstack.com"},"accessibility":{"api":"https://accessibility.browserstack.com"},"appAccessibility":{"api":"https://app-accessibility.browserstack.com"},"observability":{"api":"https://collector-observability.browserstack.com","upload":"https://upload-observability.browserstack.com"},"configServer":{"api":"https://sdk.browserstack.com"},"edsInstrumentation":{"api":"https://eds.browserstack.com"},"tcg":{"api":"https://tcg.browserstack.com"}},"hubUrl":"https://hub-euw.browserstack.com/wd/hub","proxySettings":{}}
[90m2026-02-08T11:50:09.704Z[39m [96mINFO[39m [97m@wdio/browserstack-service[39m AutomateModule: Initializing Automate Module
[90m2026-02-08T11:50:09.705Z[39m [32mDEBUG[39m [97m@wdio/browserstack-service[39m configureModules: Configuring modules
[90m2026-02-08T11:50:09.705Z[39m [32mDEBUG[39m [97m@wdio/browserstack-service[39m configureModules: Configuring module=WebdriverIOModule platformIndex=0
[90m2026-02-08T11:50:09.705Z[39m [32mDEBUG[39m [97m@wdio/browserstack-service[39m Configured module WebdriverIOModule with binSessionId=0238d035-07f7-47f3-9afc-c9d3f424c776, platformIndex=0
[90m2026-02-08T11:50:09.705Z[39m [32mDEBUG[39m [97m@wdio/browserstack-service[39m configureModules: Configuring module=AutomateModule platformIndex=0
[90m2026-02-08T11:50:09.705Z[39m [32mDEBUG[39m [97m@wdio/browserstack-service[39m Configured module AutomateModule with binSessionId=0238d035-07f7-47f3-9afc-c9d3f424c776, platformIndex=0
[90m2026-02-08T11:50:09.705Z[39m [32mDEBUG[39m [97m@wdio/browserstack-service[39m configureModules: Configuring module=ObservabilityModule platformIndex=0
[90m2026-02-08T11:50:09.705Z[39m [32mDEBUG[39m [97m@wdio/browserstack-service[39m Configured module ObservabilityModule with binSessionId=0238d035-07f7-47f3-9afc-c9d3f424c776, platformIndex=0
[90m2026-02-08T11:50:09.705Z[39m [96mINFO[39m [97m@wdio/browserstack-service[39m trackEvent: automationFrameworkState=AutomationFrameworkState.CREATE hookState=HookState.PRE
[90m2026-02-08T11:50:09.705Z[39m [96mINFO[39m [97m@wdio/browserstack-service[39m trackEvent: automationFrameworkState=AutomationFrameworkState.CREATE hookState=HookState.PRE args=[object Object]
[90m2026-02-08T11:50:09.705Z[39m [32mDEBUG[39m [97m@wdio/browserstack-service[39m configureModules: Configuring module=TestHubModule platformIndex=0
[90m2026-02-08T11:50:09.705Z[39m [32mDEBUG[39m [97m@wdio/browserstack-service[39m Configured module TestHubModule with binSessionId=0238d035-07f7-47f3-9afc-c9d3f424c776, platformIndex=0
[90m2026-02-08T11:50:09.705Z[39m [96mINFO[39m [97m@wdio/browserstack-service[39m resolveInstance: resolving instance for automationFrameworkState=AutomationFrameworkState.CREATE hookState=HookState.PRE
[90m2026-02-08T11:50:09.705Z[39m [32mDEBUG[39m [97m@wdio/browserstack-service[39m getTrackedInstance: 87895:0
[90m2026-02-08T11:50:09.705Z[39m [96mINFO[39m [97m@wdio/browserstack-service[39m trackWebdriverIOInstance: created instance for target=87895:0, state=AutomationFrameworkState.CREATE, args=[object Object]
[90m2026-02-08T11:50:09.705Z[39m [32mDEBUG[39m [97m@wdio/browserstack-service[39m setTrackedInstance: 9f06b7cb39b473d96371ded09b0d7739910f81552cddfb65cc911a9da44bbe39
[90m2026-02-08T11:50:09.705Z[39m [96mINFO[39m [97m@wdio/browserstack-service[39m trackWebdriverIOInstance: saved instance contextId=9f06b7cb39b473d96371ded09b0d7739910f81552cddfb65cc911a9da44bbe39 target=87895:0
[90m2026-02-08T11:50:09.706Z[39m [32mDEBUG[39m [97m@wdio/browserstack-service[39m getTrackedInstance: 87895:0
[90m2026-02-08T11:50:09.706Z[39m [96mINFO[39m [97m@wdio/browserstack-service[39m runHooks: automationFrameworkState=AutomationFrameworkState.CREATE hookState=HookState.PRE
[90m2026-02-08T11:50:09.706Z[39m [32mDEBUG[39m [97m@wdio/browserstack-service[39m onBeforeDriverCreate: driver is about to be created
[90m2026-02-08T11:50:09.706Z[39m [96mINFO[39m [97m@wdio/browserstack-service[39m Sending driverInitEvent
[90m2026-02-08T11:50:09.706Z[39m [32mDEBUG[39m [97m@wdio/browserstack-service[39m DriverInitEvent with clientWorkerId: 0-87895
[90m2026-02-08T11:50:09.706Z[39m [32mDEBUG[39m [97m@wdio/browserstack-service[39m Timestamp conversion for sdk:cli:on-bootstrap: 595.314875 -> 1770551409694.003 (timeOrigin: 1770551409098.688)
[90m2026-02-08T11:50:09.706Z[39m [32mDEBUG[39m [97m@wdio/browserstack-service[39m Timestamp conversion for sdk:connectBinSession: 595.336875 -> 1770551409694.025 (timeOrigin: 1770551409098.688)
[90m2026-02-08T11:50:09.706Z[39m [32mDEBUG[39m [97m@wdio/browserstack-service[39m Timestamp conversion for sdk:connectBinSession: 595.336875 -> 1770551409694.025 (timeOrigin: 1770551409098.688)
[90m2026-02-08T11:50:09.706Z[39m [32mDEBUG[39m [97m@wdio/browserstack-service[39m Timestamp conversion for sdk:findNearestHub: 606.468709 -> 1770551409705.1567 (timeOrigin: 1770551409098.688)
[90m2026-02-08T11:50:09.708Z[39m [96mINFO[39m [97m@wdio/browserstack-service[39m driverInitEvent successful
[90m2026-02-08T11:50:09.709Z[39m [32mDEBUG[39m [97m@wdio/browserstack-service[39m Device allocation tracking started - waiting for WebDriverIO to create remote session
[90m2026-02-08T11:50:09.709Z[39m [32mDEBUG[39m [97m@wdio/browserstack-service[39m getBinDriverCapabilities: got hub url https://hub-euw.browserstack.com/wd/hub
[90m2026-02-08T11:50:09.709Z[39m [32mDEBUG[39m [97m@wdio/browserstack-service[39m getTrackedInstance: 87895:0
[90m2026-02-08T11:50:09.709Z[39m [32mDEBUG[39m [97m@wdio/browserstack-service[39m Timestamp conversion for sdk:hook: 595.179125 -> 1770551409693.8672 (timeOrigin: 1770551409098.688)
[90m2026-02-08T11:50:09.709Z[39m [32mDEBUG[39m [97m@wdio/browserstack-service[39m Timestamp conversion for sdk:driverInit: 595.269584 -> 1770551409693.9575 (timeOrigin: 1770551409098.688)
[90m2026-02-08T11:50:09.786Z[39m [96mINFO[39m [97m@wdio/browserstack-service[39m trackEvent: automationFrameworkState=AutomationFrameworkState.EXECUTE hookState=HookState.POST
[90m2026-02-08T11:50:09.786Z[39m [32mDEBUG[39m [97m@wdio/browserstack-service[39m teardown started
[90m2026-02-08T11:50:09.786Z[39m [96mINFO[39m [97m@wdio/browserstack-service[39m trackEvent: automationFrameworkState=AutomationFrameworkState.EXECUTE hookState=HookState.POST args=[object Object]
[90m2026-02-08T11:50:09.786Z[39m [96mINFO[39m [97m@wdio/browserstack-service[39m resolveInstance: resolving instance for automationFrameworkState=AutomationFrameworkState.EXECUTE hookState=HookState.POST
[90m2026-02-08T11:50:09.786Z[39m [32mDEBUG[39m [97m@wdio/browserstack-service[39m getTrackedInstance: 87895:0
[90m2026-02-08T11:50:09.786Z[39m [96mINFO[39m [97m@wdio/browserstack-service[39m runHooks: automationFrameworkState=AutomationFrameworkState.EXECUTE hookState=HookState.POST
[90m2026-02-08T11:50:09.786Z[39m [32mDEBUG[39m [97m@wdio/browserstack-service[39m onAfterExecute: inside automate module after execute hook!
[90m2026-02-08T11:50:09.786Z[39m [32mDEBUG[39m [97m@wdio/browserstack-service[39m teardown ended
[90m2026-02-08T11:50:09.787Z[39m [32mDEBUG[39m [97m@wdio/browserstack-service[39m Timestamp conversion for sdk:hook:after: 687.822 -> 1770551409786.51 (timeOrigin: 1770551409098.688)
[90m2026-02-08T11:50:09.787Z[39m [32mDEBUG[39m [97m@wdio/browserstack-service[39m Timestamp conversion for sdk:driver:quit: 687.825792 -> 1770551409786.5137 (timeOrigin: 1770551409098.688)
[90m2026-02-08T11:50:09.787Z[39m [32mDEBUG[39m [97m@wdio/browserstack-service[39m Timestamp conversion for sdk:automate:session-status: 688.047459 -> 1770551409786.7354 (timeOrigin: 1770551409098.688)
[90m2026-02-08T11:50:09.787Z[39m [32mDEBUG[39m [97m@wdio/browserstack-service[39m Timestamp conversion for sdk:listener:worker-end: 688.149792 -> 1770551409786.838 (timeOrigin: 1770551409098.688)
[90m2026-02-08T11:50:09.787Z[39m [32mDEBUG[39m [97m@wdio/browserstack-service[39m Timestamp conversion for sdk:worker:save-data: 688.215292 -> 1770551409786.9033 (timeOrigin: 1770551409098.688)
[90m2026-02-08T11:50:10.159Z[39m [32mDEBUG[39m [97m@wdio/browserstack-service[39m Inside OnComplete hook..
[90m2026-02-08T11:50:10.160Z[39m [32mDEBUG[39m [97m@wdio/browserstack-service[39m stop: CLI stop triggered
[90m2026-02-08T11:50:10.160Z[39m [32mDEBUG[39m [97m@wdio/browserstack-service[39m Sending stop launch event
[90m2026-02-08T11:50:10.160Z[39m [32mDEBUG[39m [97m@wdio/browserstack-service[39m Stopping bin session
[90m2026-02-08T11:50:10.160Z[39m [32mDEBUG[39m [97m@wdio/browserstack-service[39m StopBinSession with clientWorkerId: 0-87871
[90m2026-02-08T11:50:13.999Z[39m [96mINFO[39m [97m@wdio/browserstack-service[39m StopBinSession successful
[90m2026-02-08T11:50:14.000Z[39m [32mDEBUG[39m [97m@wdio/browserstack-service[39m Timestamp conversion for sdk:cli:on-stop: 9157.667208 -> 1770551410160.4873 (timeOrigin: 1770551401002.82)
[90m2026-02-08T11:50:14.000Z[39m [32mDEBUG[39m [97m@wdio/browserstack-service[39m stop: stopBinSession response={"success":true}
[90m2026-02-08T11:50:14.000Z[39m [32mDEBUG[39m [97m@wdio/browserstack-service[39m Unconfiguring modules
[90m2026-02-08T11:50:14.000Z[39m [32mDEBUG[39m [97m@wdio/browserstack-service[39m Configured module WebdriverIOModule with binSessionId=null, platformIndex=0
[90m2026-02-08T11:50:14.000Z[39m [32mDEBUG[39m [97m@wdio/browserstack-service[39m Configured module AutomateModule with binSessionId=null, platformIndex=0
[90m2026-02-08T11:50:14.000Z[39m [32mDEBUG[39m [97m@wdio/browserstack-service[39m Configured module ObservabilityModule with binSessionId=null, platformIndex=0
[90m2026-02-08T11:50:14.000Z[39m [32mDEBUG[39m [97m@wdio/browserstack-service[39m Configured module TestHubModule with binSessionId=null, platformIndex=0
[90m2026-02-08T11:50:14.000Z[39m [32mDEBUG[39m [97m@wdio/browserstack-service[39m stop: shutting down CLI
[90m2026-02-08T11:50:14.017Z[39m [32mDEBUG[39m [97m@wdio/browserstack-service[39m stop: CLI process exited
[90m2026-02-08T11:50:14.017Z[39m [32mDEBUG[39m [97m@wdio/browserstack-service[39m Sending stop launch event
[90m2026-02-08T11:50:14.017Z[39m [32mDEBUG[39m [97m@wdio/browserstack-service[39m stop: CLI stop triggered
[90m2026-02-08T11:50:14.017Z[39m [32mDEBUG[39m [97m@wdio/browserstack-service[39m Stopping bin session
[90m2026-02-08T11:50:14.017Z[39m [32mDEBUG[39m [97m@wdio/browserstack-service[39m StopBinSession with clientWorkerId: 0-87871
[90m2026-02-08T11:50:14.020Z[39m [31mERROR[39m [97m@wdio/browserstack-service[39m StopBinSession error: Error: 14 UNAVAILABLE: No connection established. Last error: Error: connect ECONNREFUSED /tmp/sdk-platform-0238d035-07f7-47f3-9afc-c9d3f424c776.sock
    at callErrorFromStatus (/Users/pavel/wdio_appium_android/node_modules/@grpc/grpc-js/build/src/call.js:32:19)
    at Object.onReceiveStatus (/Users/pavel/wdio_appium_android/node_modules/@grpc/grpc-js/build/src/client.js:193:76)
    at Object.onReceiveStatus (/Users/pavel/wdio_appium_android/node_modules/@grpc/grpc-js/build/src/client-interceptors.js:361:141)
    at Object.onReceiveStatus (/Users/pavel/wdio_appium_android/node_modules/@grpc/grpc-js/build/src/client-interceptors.js:324:181)
    at /Users/pavel/wdio_appium_android/node_modules/@grpc/grpc-js/build/src/resolving-call.js:135:78
    at process.processTicksAndRejections (node:internal/process/task_queues:85:11)
for call at
    at ServiceClientImpl.makeUnaryRequest (/Users/pavel/wdio_appium_android/node_modules/@grpc/grpc-js/build/src/client.js:161:32)
    at ServiceClientImpl.stopBinSession (/Users/pavel/wdio_appium_android/node_modules/@grpc/grpc-js/build/src/make-client.js:105:19)
    at node:internal/util:476:21
    at new Promise (<anonymous>)
    at ServiceClientImpl.<anonymous> (node:internal/util:462:12)
    at _GrpcClient.stopBinSession (file:///Users/pavel/wdio_appium_android/node_modules/@wdio/browserstack-service/build/index.js:4532:36)
    at _BrowserstackCLI.stop (file:///Users/pavel/wdio_appium_android/node_modules/@wdio/browserstack-service/build/index.js:9245:61)
    at BrowserstackLauncherService.onComplete (file:///Users/pavel/wdio_appium_android/node_modules/@wdio/browserstack-service/build/index.js:11572:90)
    at process.processTicksAndRejections (node:internal/process/task_queues:105:5) {
  code: 14,
  details: 'No connection established. Last error: Error: connect ECONNREFUSED /tmp/sdk-platform-0238d035-07f7-47f3-9afc-c9d3f424c776.sock',
  metadata: Metadata { internalRepr: Map(0) {}, options: {} }
}
[90m2026-02-08T11:50:14.021Z[39m [31mERROR[39m [97m@wdio/browserstack-service[39m Error in stopBinSession: Error: 14 UNAVAILABLE: No connection established. Last error: Error: connect ECONNREFUSED /tmp/sdk-platform-0238d035-07f7-47f3-9afc-c9d3f424c776.sock
    at callErrorFromStatus (/Users/pavel/wdio_appium_android/node_modules/@grpc/grpc-js/build/src/call.js:32:19)
    at Object.onReceiveStatus (/Users/pavel/wdio_appium_android/node_modules/@grpc/grpc-js/build/src/client.js:193:76)
    at Object.onReceiveStatus (/Users/pavel/wdio_appium_android/node_modules/@grpc/grpc-js/build/src/client-interceptors.js:361:141)
    at Object.onReceiveStatus (/Users/pavel/wdio_appium_android/node_modules/@grpc/grpc-js/build/src/client-interceptors.js:324:181)
    at /Users/pavel/wdio_appium_android/node_modules/@grpc/grpc-js/build/src/resolving-call.js:135:78
    at process.processTicksAndRejections (node:internal/process/task_queues:85:11)
for call at
    at ServiceClientImpl.makeUnaryRequest (/Users/pavel/wdio_appium_android/node_modules/@grpc/grpc-js/build/src/client.js:161:32)
    at ServiceClientImpl.stopBinSession (/Users/pavel/wdio_appium_android/node_modules/@grpc/grpc-js/build/src/make-client.js:105:19)
    at node:internal/util:476:21
    at new Promise (<anonymous>)
    at ServiceClientImpl.<anonymous> (node:internal/util:462:12)
    at _GrpcClient.stopBinSession (file:///Users/pavel/wdio_appium_android/node_modules/@wdio/browserstack-service/build/index.js:4532:36)
    at _BrowserstackCLI.stop (file:///Users/pavel/wdio_appium_android/node_modules/@wdio/browserstack-service/build/index.js:9245:61)
    at BrowserstackLauncherService.onComplete (file:///Users/pavel/wdio_appium_android/node_modules/@wdio/browserstack-service/build/index.js:11572:90)
    at process.processTicksAndRejections (node:internal/process/task_queues:105:5) {
  code: 14,
  details: 'No connection established. Last error: Error: connect ECONNREFUSED /tmp/sdk-platform-0238d035-07f7-47f3-9afc-c9d3f424c776.sock',
  metadata: Metadata { internalRepr: Map(0) {}, options: {} }
}
[90m2026-02-08T11:50:14.021Z[39m [32mDEBUG[39m [97m@wdio/browserstack-service[39m stop: stopBinSession response=undefined
[90m2026-02-08T11:50:14.021Z[39m [32mDEBUG[39m [97m@wdio/browserstack-service[39m Unconfiguring modules
[90m2026-02-08T11:50:14.021Z[39m [32mDEBUG[39m [97m@wdio/browserstack-service[39m Configured module WebdriverIOModule with binSessionId=null, platformIndex=0
[90m2026-02-08T11:50:14.021Z[39m [32mDEBUG[39m [97m@wdio/browserstack-service[39m Configured module AutomateModule with binSessionId=null, platformIndex=0
[90m2026-02-08T11:50:14.022Z[39m [32mDEBUG[39m [97m@wdio/browserstack-service[39m Configured module ObservabilityModule with binSessionId=null, platformIndex=0
[90m2026-02-08T11:50:14.022Z[39m [32mDEBUG[39m [97m@wdio/browserstack-service[39m Configured module TestHubModule with binSessionId=null, platformIndex=0
[90m2026-02-08T11:50:14.022Z[39m [32mDEBUG[39m [97m@wdio/browserstack-service[39m stop: shutting down CLI
[90m2026-02-08T11:50:14.019Z[39m [32mDEBUG[39m [97m@wdio/browserstack-service[39m Timestamp conversion for sdk:cli:on-stop: 9157.667208 -> 1770551410160.4873 (timeOrigin: 1770551401002.82)
[90m2026-02-08T11:50:14.022Z[39m [32mDEBUG[39m [97m@wdio/browserstack-service[39m Timestamp conversion for sdk:cli:on-stop: 9157.667208 -> 1770551410160.4873 (timeOrigin: 1770551401002.82)
[90m2026-02-08T11:50:14.022Z[39m [32mDEBUG[39m [97m@wdio/browserstack-service[39m Timestamp conversion for sdk:cli:on-stop: 9157.667208 -> 1770551410160.4873 (timeOrigin: 1770551401002.82)
[90m2026-02-08T11:50:19.023Z[39m [33mWARN[39m [97m@wdio/browserstack-service[39m stop: process exit timeout, forcing kill
[90m2026-02-08T11:50:19.025Z[39m [32mDEBUG[39m [97m@wdio/browserstack-service[39m Timestamp conversion for sdk:automationFrameworkStop: 9157.102541 -> 1770551410159.9226 (timeOrigin: 1770551401002.82)
[90m2026-02-08T11:50:19.025Z[39m [32mDEBUG[39m [97m@wdio/browserstack-service[39m Timestamp conversion for sdk:cli:on-stop: 9157.667208 -> 1770551410160.4873 (timeOrigin: 1770551401002.82)
[90m2026-02-08T11:50:19.026Z[39m [96mINFO[39m [97m@wdio/browserstack-service[39m BrowserStack service run ended for id: 3518d1a5-1353-4a84-b570-40ca3ac1ffc2 testhub id: xjlvzotjqmuevcu7k3zmfs7bt04b9hqb551cw9nj
[90m2026-02-08T11:50:19.027Z[39m [32mDEBUG[39m [97m@wdio/browserstack-service[39m Reading worker file worker-data-87895.json
[90m2026-02-08T11:50:19.033Z[39m [32mDEBUG[39m [97m@wdio/browserstack-service[39m Sending SDK event with data {
  userName: '[REDACTED]',
  accessKey: '[REDACTED]',
  event_type: 'SDKTestSuccessful',
  detectedFramework: 'WebdriverIO-mocha',
  event_properties: {
    sdkRunId: '3518d1a5-1353-4a84-b570-40ca3ac1ffc2',
    testhub_uuid: 'xjlvzotjqmuevcu7k3zmfs7bt04b9hqb551cw9nj',
    language_framework: 'WebdriverIO_mocha',
    referrer: 'WebdriverIO-mocha/9.23.2',
    language: 'WebdriverIO',
    languageVersion: 'v22.19.0',
    buildName: 'undefined',
    buildIdentifier: 'undefined',
    os: 'Darwin',
    hostname: 'MacBook-Air-Pavel.local',
    productMap: {
      observability: true,
      accessibility: null,
      percy: false,
      automate: false,
      app_automate: true
    },
    product: [ 'observability', 'app-automate' ],
    framework: 'mocha',
    productUsage: {
      testObservability: {
        enabled: true,
        manuallySet: false,
        buildHashedId: 'xjlvzotjqmuevcu7k3zmfs7bt04b9hqb551cw9nj',
        events: {
          buildEvents: {
            started: {
              isTriggered: undefined,
              status: undefined,
              error: undefined
            },
            finished: {
              isTriggered: undefined,
              status: undefined,
              error: undefined
            }
          },
          testEvents: {
            started: { triggeredCount: 0, sentCount: 0, failedCount: 0 },
            finished: { triggeredCount: 0, sentCount: 0, failedCount: 0 }
          },
          hookEvents: {
            started: { triggeredCount: 0, sentCount: 0, failedCount: 0 },
            finished: { triggeredCount: 0, sentCount: 0, failedCount: 0 }
          },
          logEvents: { triggeredCount: 0, sentCount: 0, failedCount: 0 },
          cbtSessionEvents: { triggeredCount: 0, sentCount: 0, failedCount: 0 }
        }
      }
    }
  }
}
[90m2026-02-08T11:50:19.263Z[39m [32mDEBUG[39m [97m@wdio/browserstack-service[39m Funnel Event Response: "{\"message\":\"SDK Event recorded successfully\"}"
[90m2026-02-08T11:50:19.263Z[39m [32mDEBUG[39m [97m@wdio/browserstack-service[39m Funnel event success
[90m2026-02-08T11:50:19.418Z[39m [32mDEBUG[39m [97m@wdio/browserstack-service[39m [Performance Upload] Starting upload for worker 87928
[90m2026-02-08T11:50:19.421Z[39m [32mDEBUG[39m [97m@wdio/browserstack-service[39m [Performance Upload] Total events from files: 34
[90m2026-02-08T11:50:19.980Z[39m [32mDEBUG[39m [97m@wdio/browserstack-service[39m [Performance Upload] Successfully uploaded to EDS: Bravo
[90m2026-02-08T11:50:19.982Z[39m [32mDEBUG[39m [97m@wdio/browserstack-service[39m [Performance Upload] Cleaned up 2 temporary report files
